# JRE version: Java(TM) SE Runtime Environment (8.0_91-b14) (build 1.8.0_91-b14)
# Java VM: Java HotSpot(TM) 64-Bit Server VM (25.91-b14 mixed mode linux-amd64 compressed oops)
Heap:
 PSYoungGen      total 336896K, used 29490K [0x00000000e1300000, 0x0000000100000000, 0x0000000100000000)
  eden space 168960K, 0% used [0x00000000e1300000,0x00000000e1300000,0x00000000eb800000)
  from space 167936K, 17% used [0x00000000eb800000,0x00000000ed4cca30,0x00000000f5c00000)
  to   space 167936K, 0% used [0x00000000f5c00000,0x00000000f5c00000,0x0000000100000000)
 ParOldGen       total 617984K, used 617532K [0x00000000a3800000, 0x00000000c9380000, 0x00000000e1300000)
  object space 617984K, 99% used [0x00000000a3800000,0x00000000c930f338,0x00000000c9380000)
 Metaspace       used 17415K, capacity 17728K, committed 18048K, reserved 1064960K
  class space    used 2067K, capacity 2163K, committed 2176K, reserved 1048576K
GC Heap History (10 events):
Event: 69,597 GC heap after
Heap after GC invocations=29 (full 6):
 PSYoungGen      total 379904K, used 124928K [0x00000000e1300000, 0x0000000100000000, 0x0000000100000000)
  eden space 254976K, 0% used [0x00000000e1300000,0x00000000e1300000,0x00000000f0c00000)
  from space 124928K, 100% used [0x00000000f0c00000,0x00000000f8600000,0x00000000f8600000)
  to   space 124928K, 0% used [0x00000000f8600000,0x00000000f8600000,0x0000000100000000)
 ParOldGen       total 617984K, used 435344K [0x00000000a3800000, 0x00000000c9380000, 0x00000000e1300000)
  object space 617984K, 70% used [0x00000000a3800000,0x00000000be124330,0x00000000c9380000)
 Metaspace       used 17412K, capacity 17728K, committed 18048K, reserved 1064960K
  class space    used 2067K, capacity 2163K, committed 2176K, reserved 1048576K
}
Event: 70,659 GC heap before
{Heap before GC invocations=30 (full 6):
 PSYoungGen      total 379904K, used 379904K [0x00000000e1300000, 0x0000000100000000, 0x0000000100000000)
  eden space 254976K, 100% used [0x00000000e1300000,0x00000000f0c00000,0x00000000f0c00000)
  from space 124928K, 100% used [0x00000000f0c00000,0x00000000f8600000,0x00000000f8600000)
  to   space 124928K, 0% used [0x00000000f8600000,0x00000000f8600000,0x0000000100000000)
 ParOldGen       total 617984K, used 435344K [0x00000000a3800000, 0x00000000c9380000, 0x00000000e1300000)
  object space 617984K, 70% used [0x00000000a3800000,0x00000000be124330,0x00000000c9380000)
 Metaspace       used 17414K, capacity 17728K, committed 18048K, reserved 1064960K
  class space    used 2067K, capacity 2163K, committed 2176K, reserved 1048576K
Event: 71,114 GC heap after
Heap after GC invocations=30 (full 6):
 PSYoungGen      total 293888K, used 124928K [0x00000000e1300000, 0x0000000100000000, 0x0000000100000000)
  eden space 168960K, 0% used [0x00000000e1300000,0x00000000e1300000,0x00000000eb800000)
  from space 124928K, 100% used [0x00000000f8600000,0x0000000100000000,0x0000000100000000)
  to   space 167936K, 0% used [0x00000000eb800000,0x00000000eb800000,0x00000000f5c00000)
 ParOldGen       total 617984K, used 468304K [0x00000000a3800000, 0x00000000c9380000, 0x00000000e1300000)
  object space 617984K, 75% used [0x00000000a3800000,0x00000000c0154330,0x00000000c9380000)
 Metaspace       used 17414K, capacity 17728K, committed 18048K, reserved 1064960K
  class space    used 2067K, capacity 2163K, committed 2176K, reserved 1048576K
}
Event: 71,872 GC heap before
{Heap before GC invocations=31 (full 6):
 PSYoungGen      total 293888K, used 293888K [0x00000000e1300000, 0x0000000100000000, 0x0000000100000000)
  eden space 168960K, 100% used [0x00000000e1300000,0x00000000eb800000,0x00000000eb800000)
  from space 124928K, 100% used [0x00000000f8600000,0x0000000100000000,0x0000000100000000)
  to   space 167936K, 0% used [0x00000000eb800000,0x00000000eb800000,0x00000000f5c00000)
 ParOldGen       total 617984K, used 468304K [0x00000000a3800000, 0x00000000c9380000, 0x00000000e1300000)
  object space 617984K, 75% used [0x00000000a3800000,0x00000000c0154330,0x00000000c9380000)
 Metaspace       used 17415K, capacity 17728K, committed 18048K, reserved 1064960K
  class space    used 2067K, capacity 2163K, committed 2176K, reserved 1048576K
Event: 72,164 GC heap after
Heap after GC invocations=31 (full 6):
 PSYoungGen      total 336896K, used 85088K [0x00000000e1300000, 0x0000000100000000, 0x0000000100000000)
  eden space 168960K, 0% used [0x00000000e1300000,0x00000000e1300000,0x00000000eb800000)
  from space 167936K, 50% used [0x00000000eb800000,0x00000000f0b18000,0x00000000f5c00000)
  to   space 167936K, 0% used [0x00000000f5c00000,0x00000000f5c00000,0x0000000100000000)
 ParOldGen       total 617984K, used 528200K [0x00000000a3800000, 0x00000000c9380000, 0x00000000e1300000)
  object space 617984K, 85% used [0x00000000a3800000,0x00000000c3bd2330,0x00000000c9380000)
 Metaspace       used 17415K, capacity 17728K, committed 18048K, reserved 1064960K
  class space    used 2067K, capacity 2163K, committed 2176K, reserved 1048576K
}
Event: 72,944 GC heap before
{Heap before GC invocations=32 (full 6):
 PSYoungGen      total 336896K, used 254048K [0x00000000e1300000, 0x0000000100000000, 0x0000000100000000)
  eden space 168960K, 100% used [0x00000000e1300000,0x00000000eb800000,0x00000000eb800000)
  from space 167936K, 50% used [0x00000000eb800000,0x00000000f0b18000,0x00000000f5c00000)
  to   space 167936K, 0% used [0x00000000f5c00000,0x00000000f5c00000,0x0000000100000000)
 ParOldGen       total 617984K, used 528200K [0x00000000a3800000, 0x00000000c9380000, 0x00000000e1300000)
  object space 617984K, 85% used [0x00000000a3800000,0x00000000c3bd2330,0x00000000c9380000)
 Metaspace       used 17415K, capacity 17728K, committed 18048K, reserved 1064960K
  class space    used 2067K, capacity 2163K, committed 2176K, reserved 1048576K
Event: 73,167 GC heap after
Heap after GC invocations=32 (full 6):
 PSYoungGen      total 336896K, used 103520K [0x00000000e1300000, 0x0000000100000000, 0x0000000100000000)
  eden space 168960K, 0% used [0x00000000e1300000,0x00000000e1300000,0x00000000eb800000)
  from space 167936K, 61% used [0x00000000f5c00000,0x00000000fc118000,0x0000000100000000)
  to   space 167936K, 0% used [0x00000000eb800000,0x00000000eb800000,0x00000000f5c00000)
 ParOldGen       total 617984K, used 528200K [0x00000000a3800000, 0x00000000c9380000, 0x00000000e1300000)
  object space 617984K, 85% used [0x00000000a3800000,0x00000000c3bd2330,0x00000000c9380000)
 Metaspace       used 17415K, capacity 17728K, committed 18048K, reserved 1064960K
  class space    used 2067K, capacity 2163K, committed 2176K, reserved 1048576K
}
Event: 74,526 GC heap before
{Heap before GC invocations=33 (full 6):
 PSYoungGen      total 336896K, used 272480K [0x00000000e1300000, 0x0000000100000000, 0x0000000100000000)
  eden space 168960K, 100% used [0x00000000e1300000,0x00000000eb800000,0x00000000eb800000)
  from space 167936K, 61% used [0x00000000f5c00000,0x00000000fc118000,0x0000000100000000)
  to   space 167936K, 0% used [0x00000000eb800000,0x00000000eb800000,0x00000000f5c00000)
 ParOldGen       total 617984K, used 528200K [0x00000000a3800000, 0x00000000c9380000, 0x00000000e1300000)
  object space 617984K, 85% used [0x00000000a3800000,0x00000000c3bd2330,0x00000000c9380000)
 Metaspace       used 17415K, capacity 17728K, committed 18048K, reserved 1064960K
  class space    used 2067K, capacity 2163K, committed 2176K, reserved 1048576K
Event: 74,939 GC heap after
Heap after GC invocations=33 (full 6):
 PSYoungGen      total 336896K, used 103360K [0x00000000e1300000, 0x0000000100000000, 0x0000000100000000)
  eden space 168960K, 0% used [0x00000000e1300000,0x00000000e1300000,0x00000000eb800000)
  from space 167936K, 61% used [0x00000000eb800000,0x00000000f1cf0000,0x00000000f5c00000)
  to   space 167936K, 0% used [0x00000000f5c00000,0x00000000f5c00000,0x0000000100000000)
 ParOldGen       total 617984K, used 560696K [0x00000000a3800000, 0x00000000c9380000, 0x00000000e1300000)
  object space 617984K, 90% used [0x00000000a3800000,0x00000000c5b8e330,0x00000000c9380000)
 Metaspace       used 17415K, capacity 17728K, committed 18048K, reserved 1064960K
  class space    used 2067K, capacity 2163K, committed 2176K, reserved 1048576K
}
Event: 74,939 GC heap before
{Heap before GC invocations=34 (full 7):
 PSYoungGen      total 336896K, used 103360K [0x00000000e1300000, 0x0000000100000000, 0x0000000100000000)
  eden space 168960K, 0% used [0x00000000e1300000,0x00000000e1300000,0x00000000eb800000)
  from space 167936K, 61% used [0x00000000eb800000,0x00000000f1cf0000,0x00000000f5c00000)
  to   space 167936K, 0% used [0x00000000f5c00000,0x00000000f5c00000,0x0000000100000000)
 ParOldGen       total 617984K, used 560696K [0x00000000a3800000, 0x00000000c9380000, 0x00000000e1300000)
  object space 617984K, 90% used [0x00000000a3800000,0x00000000c5b8e330,0x00000000c9380000)
 Metaspace       used 17415K, capacity 17728K, committed 18048K, reserved 1064960K
  class space    used 2067K, capacity 2163K, committed 2176K, reserved 1048576K

