# JRE version: Java(TM) SE Runtime Environment (8.0_91-b14) (build 1.8.0_91-b14)
# Java VM: Java HotSpot(TM) 64-Bit Server VM (25.91-b14 mixed mode linux-amd64 compressed oops)
Heap:
 PSYoungGen      total 336896K, used 25421K [0x00000000e1300000, 0x0000000100000000, 0x0000000100000000)
  eden space 168960K, 0% used [0x00000000e1300000,0x00000000e1300000,0x00000000eb800000)
  from space 167936K, 15% used [0x00000000f5c00000,0x00000000f74d35a8,0x0000000100000000)
  to   space 167936K, 0% used [0x00000000eb800000,0x00000000eb800000,0x00000000f5c00000)
 ParOldGen       total 749568K, used 749142K [0x00000000a3800000, 0x00000000d1400000, 0x00000000e1300000)
  object space 749568K, 99% used [0x00000000a3800000,0x00000000d1395888,0x00000000d1400000)
 Metaspace       used 16336K, capacity 16642K, committed 16896K, reserved 1064960K
  class space    used 1920K, capacity 1988K, committed 2048K, reserved 1048576K
GC Heap History (10 events):
Event: 57,885 GC heap after
Heap after GC invocations=27 (full 6):
 PSYoungGen      total 339456K, used 108704K [0x00000000e1300000, 0x0000000100000000, 0x0000000100000000)
  eden space 192512K, 0% used [0x00000000e1300000,0x00000000e1300000,0x00000000ecf00000)
  from space 146944K, 73% used [0x00000000f7080000,0x00000000fdaa8000,0x0000000100000000)
  to   space 156160K, 0% used [0x00000000ecf00000,0x00000000ecf00000,0x00000000f6780000)
 ParOldGen       total 749568K, used 548013K [0x00000000a3800000, 0x00000000d1400000, 0x00000000e1300000)
  object space 749568K, 73% used [0x00000000a3800000,0x00000000c4f2b6f8,0x00000000d1400000)
 Metaspace       used 16336K, capacity 16642K, committed 16896K, reserved 1064960K
  class space    used 1920K, capacity 1988K, committed 2048K, reserved 1048576K
}
Event: 58,739 GC heap before
{Heap before GC invocations=28 (full 6):
 PSYoungGen      total 339456K, used 301216K [0x00000000e1300000, 0x0000000100000000, 0x0000000100000000)
  eden space 192512K, 100% used [0x00000000e1300000,0x00000000ecf00000,0x00000000ecf00000)
  from space 146944K, 73% used [0x00000000f7080000,0x00000000fdaa8000,0x0000000100000000)
  to   space 156160K, 0% used [0x00000000ecf00000,0x00000000ecf00000,0x00000000f6780000)
 ParOldGen       total 749568K, used 548013K [0x00000000a3800000, 0x00000000d1400000, 0x00000000e1300000)
  object space 749568K, 73% used [0x00000000a3800000,0x00000000c4f2b6f8,0x00000000d1400000)
 Metaspace       used 16336K, capacity 16642K, committed 16896K, reserved 1064960K
  class space    used 1920K, capacity 1988K, committed 2048K, reserved 1048576K
Event: 59,162 GC heap after
Heap after GC invocations=28 (full 6):
 PSYoungGen      total 332288K, used 139328K [0x00000000e1300000, 0x0000000100000000, 0x0000000100000000)
  eden space 192512K, 0% used [0x00000000e1300000,0x00000000e1300000,0x00000000ecf00000)
  from space 139776K, 99% used [0x00000000ecf00000,0x00000000f5710000,0x00000000f5780000)
  to   space 167936K, 0% used [0x00000000f5c00000,0x00000000f5c00000,0x0000000100000000)
 ParOldGen       total 749568K, used 548013K [0x00000000a3800000, 0x00000000d1400000, 0x00000000e1300000)
  object space 749568K, 73% used [0x00000000a3800000,0x00000000c4f2b6f8,0x00000000d1400000)
 Metaspace       used 16336K, capacity 16642K, committed 16896K, reserved 1064960K
  class space    used 1920K, capacity 1988K, committed 2048K, reserved 1048576K
}
Event: 59,933 GC heap before
{Heap before GC invocations=29 (full 6):
 PSYoungGen      total 332288K, used 331840K [0x00000000e1300000, 0x0000000100000000, 0x0000000100000000)
  eden space 192512K, 100% used [0x00000000e1300000,0x00000000ecf00000,0x00000000ecf00000)
  from space 139776K, 99% used [0x00000000ecf00000,0x00000000f5710000,0x00000000f5780000)
  to   space 167936K, 0% used [0x00000000f5c00000,0x00000000f5c00000,0x0000000100000000)
 ParOldGen       total 749568K, used 548013K [0x00000000a3800000, 0x00000000d1400000, 0x00000000e1300000)
  object space 749568K, 73% used [0x00000000a3800000,0x00000000c4f2b6f8,0x00000000d1400000)
 Metaspace       used 16336K, capacity 16642K, committed 16896K, reserved 1064960K
  class space    used 1920K, capacity 1988K, committed 2048K, reserved 1048576K
Event: 60,437 GC heap after
Heap after GC invocations=29 (full 6):
 PSYoungGen      total 336896K, used 137024K [0x00000000e1300000, 0x0000000100000000, 0x0000000100000000)
  eden space 168960K, 0% used [0x00000000e1300000,0x00000000e1300000,0x00000000eb800000)
  from space 167936K, 81% used [0x00000000f5c00000,0x00000000fe1d0000,0x0000000100000000)
  to   space 167936K, 0% used [0x00000000eb800000,0x00000000eb800000,0x00000000f5c00000)
 ParOldGen       total 749568K, used 587309K [0x00000000a3800000, 0x00000000d1400000, 0x00000000e1300000)
  object space 749568K, 78% used [0x00000000a3800000,0x00000000c758b6f8,0x00000000d1400000)
 Metaspace       used 16336K, capacity 16642K, committed 16896K, reserved 1064960K
  class space    used 1920K, capacity 1988K, committed 2048K, reserved 1048576K
}
Event: 61,155 GC heap before
{Heap before GC invocations=30 (full 6):
 PSYoungGen      total 336896K, used 305984K [0x00000000e1300000, 0x0000000100000000, 0x0000000100000000)
  eden space 168960K, 100% used [0x00000000e1300000,0x00000000eb800000,0x00000000eb800000)
  from space 167936K, 81% used [0x00000000f5c00000,0x00000000fe1d0000,0x0000000100000000)
  to   space 167936K, 0% used [0x00000000eb800000,0x00000000eb800000,0x00000000f5c00000)
 ParOldGen       total 749568K, used 587309K [0x00000000a3800000, 0x00000000d1400000, 0x00000000e1300000)
  object space 749568K, 78% used [0x00000000a3800000,0x00000000c758b6f8,0x00000000d1400000)
 Metaspace       used 16336K, capacity 16642K, committed 16896K, reserved 1064960K
  class space    used 1920K, capacity 1988K, committed 2048K, reserved 1048576K
Event: 61,677 GC heap after
Heap after GC invocations=30 (full 6):
 PSYoungGen      total 336896K, used 96288K [0x00000000e1300000, 0x0000000100000000, 0x0000000100000000)
  eden space 168960K, 0% used [0x00000000e1300000,0x00000000e1300000,0x00000000eb800000)
  from space 167936K, 57% used [0x00000000eb800000,0x00000000f1608000,0x00000000f5c00000)
  to   space 167936K, 0% used [0x00000000f5c00000,0x00000000f5c00000,0x0000000100000000)
 ParOldGen       total 749568K, used 657005K [0x00000000a3800000, 0x00000000d1400000, 0x00000000e1300000)
  object space 749568K, 87% used [0x00000000a3800000,0x00000000cb99b6f8,0x00000000d1400000)
 Metaspace       used 16336K, capacity 16642K, committed 16896K, reserved 1064960K
  class space    used 1920K, capacity 1988K, committed 2048K, reserved 1048576K
}
Event: 62,423 GC heap before
{Heap before GC invocations=31 (full 6):
 PSYoungGen      total 336896K, used 265248K [0x00000000e1300000, 0x0000000100000000, 0x0000000100000000)
  eden space 168960K, 100% used [0x00000000e1300000,0x00000000eb800000,0x00000000eb800000)
  from space 167936K, 57% used [0x00000000eb800000,0x00000000f1608000,0x00000000f5c00000)
  to   space 167936K, 0% used [0x00000000f5c00000,0x00000000f5c00000,0x0000000100000000)
 ParOldGen       total 749568K, used 657005K [0x00000000a3800000, 0x00000000d1400000, 0x00000000e1300000)
  object space 749568K, 87% used [0x00000000a3800000,0x00000000cb99b6f8,0x00000000d1400000)
 Metaspace       used 16336K, capacity 16642K, committed 16896K, reserved 1064960K
  class space    used 1920K, capacity 1988K, committed 2048K, reserved 1048576K
Event: 62,877 GC heap after
Heap after GC invocations=31 (full 6):
 PSYoungGen      total 336896K, used 61888K [0x00000000e1300000, 0x0000000100000000, 0x0000000100000000)
  eden space 168960K, 0% used [0x00000000e1300000,0x00000000e1300000,0x00000000eb800000)
  from space 167936K, 36% used [0x00000000f5c00000,0x00000000f9870000,0x0000000100000000)
  to   space 167936K, 0% used [0x00000000eb800000,0x00000000eb800000,0x00000000f5c00000)
 ParOldGen       total 749568K, used 724749K [0x00000000a3800000, 0x00000000d1400000, 0x00000000e1300000)
  object space 749568K, 96% used [0x00000000a3800000,0x00000000cfbc36f8,0x00000000d1400000)
 Metaspace       used 16336K, capacity 16642K, committed 16896K, reserved 1064960K
  class space    used 1920K, capacity 1988K, committed 2048K, reserved 1048576K
}
Event: 63,037 GC heap before
{Heap before GC invocations=32 (full 7):
 PSYoungGen      total 336896K, used 61888K [0x00000000e1300000, 0x0000000100000000, 0x0000000100000000)
  eden space 168960K, 0% used [0x00000000e1300000,0x00000000e1300000,0x00000000eb800000)
  from space 167936K, 36% used [0x00000000f5c00000,0x00000000f9870000,0x0000000100000000)
  to   space 167936K, 0% used [0x00000000eb800000,0x00000000eb800000,0x00000000f5c00000)
 ParOldGen       total 749568K, used 724749K [0x00000000a3800000, 0x00000000d1400000, 0x00000000e1300000)
  object space 749568K, 96% used [0x00000000a3800000,0x00000000cfbc36f8,0x00000000d1400000)
 Metaspace       used 16336K, capacity 16642K, committed 16896K, reserved 1064960K
  class space    used 1920K, capacity 1988K, committed 2048K, reserved 1048576K

